{"C:\\Users\\sebas\\OneDrive\\Escritorio\\FullStack 3\\Innovatech-solutions\\bff-gateway\\src\\auth\\auth.routes.ts": {"path":"C:\\Users\\sebas\\OneDrive\\Escritorio\\FullStack 3\\Innovatech-solutions\\bff-gateway\\src\\auth\\auth.routes.ts","statementMap":{"0":{"start":{"line":1,"column":0},"end":{"line":1,"column":52}},"1":{"start":{"line":2,"column":0},"end":{"line":2,"column":31}},"2":{"start":{"line":3,"column":0},"end":{"line":3,"column":30}},"3":{"start":{"line":4,"column":0},"end":{"line":4,"column":50}},"4":{"start":{"line":6,"column":15},"end":{"line":6,"column":23}},"5":{"start":{"line":10,"column":91},"end":{"line":26,"column":2}},"6":{"start":{"line":28,"column":0},"end":{"line":66,"column":3}},"7":{"start":{"line":29,"column":33},"end":{"line":29,"column":83}},"8":{"start":{"line":31,"column":2},"end":{"line":33,"column":3}},"9":{"start":{"line":32,"column":4},"end":{"line":32,"column":83}},"10":{"start":{"line":35,"column":15},"end":{"line":35,"column":51}},"11":{"start":{"line":37,"column":2},"end":{"line":39,"column":3}},"12":{"start":{"line":38,"column":4},"end":{"line":38,"column":70}},"13":{"start":{"line":41,"column":24},"end":{"line":41,"column":73}},"14":{"start":{"line":43,"column":2},"end":{"line":45,"column":3}},"15":{"start":{"line":44,"column":4},"end":{"line":44,"column":70}},"16":{"start":{"line":47,"column":16},"end":{"line":55,"column":null}},"17":{"start":{"line":58,"column":2},"end":{"line":65,"column":5}},"18":{"start":{"line":68,"column":0},"end":{"line":68,"column":22}}},"fnMap":{"0":{"name":"(anonymous_1)","decl":{"start":{"line":28,"column":27},"end":{"line":28,"column":32}},"loc":{"start":{"line":28,"column":65},"end":{"line":66,"column":1}}}},"branchMap":{"0":{"loc":{"start":{"line":31,"column":2},"end":{"line":33,"column":3}},"type":"if","locations":[{"start":{"line":31,"column":2},"end":{"line":33,"column":3}},{"start":{},"end":{}}]},"1":{"loc":{"start":{"line":31,"column":6},"end":{"line":31,"column":28}},"type":"binary-expr","locations":[{"start":{"line":31,"column":6},"end":{"line":31,"column":15}},{"start":{"line":31,"column":19},"end":{"line":31,"column":28}}]},"2":{"loc":{"start":{"line":37,"column":2},"end":{"line":39,"column":3}},"type":"if","locations":[{"start":{"line":37,"column":2},"end":{"line":39,"column":3}},{"start":{},"end":{}}]},"3":{"loc":{"start":{"line":43,"column":2},"end":{"line":45,"column":3}},"type":"if","locations":[{"start":{"line":43,"column":2},"end":{"line":45,"column":3}},{"start":{},"end":{}}]}},"s":{"0":2,"1":2,"2":2,"3":2,"4":2,"5":2,"6":2,"7":9,"8":9,"9":2,"10":7,"11":7,"12":1,"13":6,"14":6,"15":1,"16":5,"17":5,"18":2},"f":{"0":9},"b":{"0":[2,7],"1":[9,8],"2":[1,6],"3":[1,5]}}
,"C:\\Users\\sebas\\OneDrive\\Escritorio\\FullStack 3\\Innovatech-solutions\\bff-gateway\\src\\config\\jwt.config.ts": {"path":"C:\\Users\\sebas\\OneDrive\\Escritorio\\FullStack 3\\Innovatech-solutions\\bff-gateway\\src\\config\\jwt.config.ts","statementMap":{"0":{"start":{"line":1,"column":13},"end":{"line":4,"column":2}}},"fnMap":{},"branchMap":{"0":{"loc":{"start":{"line":2,"column":10},"end":{"line":2,"column":64}},"type":"binary-expr","locations":[{"start":{"line":2,"column":10},"end":{"line":2,"column":32}},{"start":{"line":2,"column":36},"end":{"line":2,"column":64}}]}},"s":{"0":3},"f":{},"b":{"0":[3,3]}}
,"C:\\Users\\sebas\\OneDrive\\Escritorio\\FullStack 3\\Innovatech-solutions\\bff-gateway\\src\\middleware\\auth.middleware.ts": {"path":"C:\\Users\\sebas\\OneDrive\\Escritorio\\FullStack 3\\Innovatech-solutions\\bff-gateway\\src\\middleware\\auth.middleware.ts","statementMap":{"0":{"start":{"line":2,"column":0},"end":{"line":2,"column":31}},"1":{"start":{"line":3,"column":0},"end":{"line":3,"column":50}},"2":{"start":{"line":20,"column":27},"end":{"line":39,"column":1}},"3":{"start":{"line":21,"column":21},"end":{"line":21,"column":49}},"4":{"start":{"line":23,"column":2},"end":{"line":25,"column":3}},"5":{"start":{"line":24,"column":4},"end":{"line":24,"column":80}},"6":{"start":{"line":28,"column":16},"end":{"line":30,"column":16}},"7":{"start":{"line":32,"column":2},"end":{"line":38,"column":3}},"8":{"start":{"line":33,"column":20},"end":{"line":33,"column":132}},"9":{"start":{"line":34,"column":4},"end":{"line":34,"column":23}},"10":{"start":{"line":35,"column":4},"end":{"line":35,"column":11}},"11":{"start":{"line":37,"column":4},"end":{"line":37,"column":73}},"12":{"start":{"line":20,"column":13},"end":{"line":20,"column":27}},"13":{"start":{"line":42,"column":27},"end":{"line":51,"column":1}},"14":{"start":{"line":43,"column":2},"end":{"line":50,"column":4}},"15":{"start":{"line":44,"column":4},"end":{"line":48,"column":5}},"16":{"start":{"line":45,"column":6},"end":{"line":47,"column":9}},"17":{"start":{"line":49,"column":4},"end":{"line":49,"column":11}},"18":{"start":{"line":42,"column":13},"end":{"line":42,"column":27}}},"fnMap":{"0":{"name":"(anonymous_1)","decl":{"start":{"line":20,"column":27},"end":{"line":20,"column":28}},"loc":{"start":{"line":20,"column":79},"end":{"line":39,"column":1}}},"1":{"name":"(anonymous_2)","decl":{"start":{"line":42,"column":27},"end":{"line":42,"column":28}},"loc":{"start":{"line":42,"column":47},"end":{"line":51,"column":1}}},"2":{"name":"(anonymous_3)","decl":{"start":{"line":43,"column":9},"end":{"line":43,"column":10}},"loc":{"start":{"line":43,"column":61},"end":{"line":50,"column":3}}}},"branchMap":{"0":{"loc":{"start":{"line":23,"column":2},"end":{"line":25,"column":3}},"type":"if","locations":[{"start":{"line":23,"column":2},"end":{"line":25,"column":3}},{"start":{},"end":{}}]},"1":{"loc":{"start":{"line":28,"column":16},"end":{"line":30,"column":16}},"type":"cond-expr","locations":[{"start":{"line":29,"column":6},"end":{"line":29,"column":30}},{"start":{"line":30,"column":6},"end":{"line":30,"column":16}}]},"2":{"loc":{"start":{"line":44,"column":4},"end":{"line":48,"column":5}},"type":"if","locations":[{"start":{"line":44,"column":4},"end":{"line":48,"column":5}},{"start":{},"end":{}}]},"3":{"loc":{"start":{"line":44,"column":8},"end":{"line":44,"column":51}},"type":"binary-expr","locations":[{"start":{"line":44,"column":8},"end":{"line":44,"column":17}},{"start":{"line":44,"column":21},"end":{"line":44,"column":51}}]}},"s":{"0":2,"1":2,"2":2,"3":13,"4":13,"5":2,"6":11,"7":11,"8":11,"9":9,"10":9,"11":2,"12":2,"13":2,"14":0,"15":0,"16":0,"17":0,"18":2},"f":{"0":13,"1":0,"2":0},"b":{"0":[2,11],"1":[10,1],"2":[0,0],"3":[0,0]}}
,"C:\\Users\\sebas\\OneDrive\\Escritorio\\FullStack 3\\Innovatech-solutions\\bff-gateway\\src\\routes\\projects.routes.ts": {"path":"C:\\Users\\sebas\\OneDrive\\Escritorio\\FullStack 3\\Innovatech-solutions\\bff-gateway\\src\\routes\\projects.routes.ts","statementMap":{"0":{"start":{"line":1,"column":0},"end":{"line":1,"column":52}},"1":{"start":{"line":2,"column":0},"end":{"line":2,"column":63}},"2":{"start":{"line":4,"column":15},"end":{"line":4,"column":23}},"3":{"start":{"line":5,"column":24},"end":{"line":5,"column":45}},"4":{"start":{"line":8,"column":17},"end":{"line":8,"column":85}},"5":{"start":{"line":8,"column":35},"end":{"line":8,"column":85}},"6":{"start":{"line":10,"column":0},"end":{"line":17,"column":3}},"7":{"start":{"line":11,"column":4},"end":{"line":16,"column":5}},"8":{"start":{"line":12,"column":25},"end":{"line":12,"column":76}},"9":{"start":{"line":13,"column":8},"end":{"line":13,"column":27}},"10":{"start":{"line":15,"column":8},"end":{"line":15,"column":55}},"11":{"start":{"line":19,"column":0},"end":{"line":27,"column":3}},"12":{"start":{"line":20,"column":4},"end":{"line":26,"column":5}},"13":{"start":{"line":21,"column":23},"end":{"line":21,"column":51}},"14":{"start":{"line":22,"column":24},"end":{"line":22,"column":79}},"15":{"start":{"line":23,"column":8},"end":{"line":23,"column":26}},"16":{"start":{"line":25,"column":8},"end":{"line":25,"column":55}},"17":{"start":{"line":29,"column":0},"end":{"line":36,"column":3}},"18":{"start":{"line":30,"column":4},"end":{"line":35,"column":5}},"19":{"start":{"line":31,"column":24},"end":{"line":31,"column":84}},"20":{"start":{"line":32,"column":8},"end":{"line":32,"column":38}},"21":{"start":{"line":34,"column":8},"end":{"line":34,"column":55}},"22":{"start":{"line":38,"column":0},"end":{"line":46,"column":3}},"23":{"start":{"line":39,"column":4},"end":{"line":45,"column":5}},"24":{"start":{"line":40,"column":23},"end":{"line":40,"column":51}},"25":{"start":{"line":41,"column":24},"end":{"line":41,"column":88}},"26":{"start":{"line":42,"column":8},"end":{"line":42,"column":26}},"27":{"start":{"line":44,"column":8},"end":{"line":44,"column":55}},"28":{"start":{"line":48,"column":0},"end":{"line":57,"column":3}},"29":{"start":{"line":49,"column":4},"end":{"line":56,"column":5}},"30":{"start":{"line":50,"column":23},"end":{"line":50,"column":51}},"31":{"start":{"line":51,"column":27},"end":{"line":51,"column":57}},"32":{"start":{"line":52,"column":24},"end":{"line":52,"column":85}},"33":{"start":{"line":53,"column":8},"end":{"line":53,"column":26}},"34":{"start":{"line":55,"column":8},"end":{"line":55,"column":55}},"35":{"start":{"line":59,"column":0},"end":{"line":67,"column":3}},"36":{"start":{"line":60,"column":4},"end":{"line":66,"column":5}},"37":{"start":{"line":61,"column":23},"end":{"line":61,"column":51}},"38":{"start":{"line":62,"column":8},"end":{"line":62,"column":63}},"39":{"start":{"line":63,"column":8},"end":{"line":63,"column":78}},"40":{"start":{"line":65,"column":8},"end":{"line":65,"column":55}},"41":{"start":{"line":69,"column":0},"end":{"line":69,"column":22}}},"fnMap":{"0":{"name":"(anonymous_0)","decl":{"start":{"line":8,"column":17},"end":{"line":8,"column":18}},"loc":{"start":{"line":8,"column":35},"end":{"line":8,"column":85}}},"1":{"name":"(anonymous_1)","decl":{"start":{"line":10,"column":24},"end":{"line":10,"column":29}},"loc":{"start":{"line":10,"column":62},"end":{"line":17,"column":1}}},"2":{"name":"(anonymous_2)","decl":{"start":{"line":19,"column":28},"end":{"line":19,"column":33}},"loc":{"start":{"line":19,"column":66},"end":{"line":27,"column":1}}},"3":{"name":"(anonymous_3)","decl":{"start":{"line":29,"column":25},"end":{"line":29,"column":30}},"loc":{"start":{"line":29,"column":63},"end":{"line":36,"column":1}}},"4":{"name":"(anonymous_4)","decl":{"start":{"line":38,"column":30},"end":{"line":38,"column":35}},"loc":{"start":{"line":38,"column":68},"end":{"line":46,"column":1}}},"5":{"name":"(anonymous_5)","decl":{"start":{"line":48,"column":37},"end":{"line":48,"column":42}},"loc":{"start":{"line":48,"column":75},"end":{"line":57,"column":1}}},"6":{"name":"(anonymous_6)","decl":{"start":{"line":59,"column":31},"end":{"line":59,"column":36}},"loc":{"start":{"line":59,"column":69},"end":{"line":67,"column":1}}}},"branchMap":{},"s":{"0":1,"1":1,"2":1,"3":1,"4":1,"5":4,"6":1,"7":1,"8":1,"9":1,"10":0,"11":1,"12":0,"13":0,"14":0,"15":0,"16":0,"17":1,"18":1,"19":1,"20":1,"21":0,"22":1,"23":0,"24":0,"25":0,"26":0,"27":0,"28":1,"29":2,"30":2,"31":2,"32":2,"33":1,"34":1,"35":1,"36":0,"37":0,"38":0,"39":0,"40":0,"41":1},"f":{"0":4,"1":1,"2":0,"3":1,"4":0,"5":2,"6":0},"b":{}}
,"C:\\Users\\sebas\\OneDrive\\Escritorio\\FullStack 3\\Innovatech-solutions\\bff-gateway\\src\\routes\\tasks.routes.ts": {"path":"C:\\Users\\sebas\\OneDrive\\Escritorio\\FullStack 3\\Innovatech-solutions\\bff-gateway\\src\\routes\\tasks.routes.ts","statementMap":{"0":{"start":{"line":1,"column":0},"end":{"line":1,"column":52}},"1":{"start":{"line":2,"column":0},"end":{"line":2,"column":57}},"2":{"start":{"line":4,"column":15},"end":{"line":4,"column":23}},"3":{"start":{"line":5,"column":21},"end":{"line":5,"column":39}},"4":{"start":{"line":7,"column":17},"end":{"line":7,"column":85}},"5":{"start":{"line":7,"column":35},"end":{"line":7,"column":85}},"6":{"start":{"line":9,"column":0},"end":{"line":16,"column":3}},"7":{"start":{"line":10,"column":4},"end":{"line":15,"column":5}},"8":{"start":{"line":11,"column":21},"end":{"line":11,"column":75}},"9":{"start":{"line":12,"column":8},"end":{"line":12,"column":35}},"10":{"start":{"line":14,"column":8},"end":{"line":14,"column":55}},"11":{"start":{"line":18,"column":0},"end":{"line":26,"column":3}},"12":{"start":{"line":19,"column":4},"end":{"line":25,"column":5}},"13":{"start":{"line":20,"column":23},"end":{"line":20,"column":51}},"14":{"start":{"line":21,"column":21},"end":{"line":21,"column":70}},"15":{"start":{"line":22,"column":8},"end":{"line":22,"column":23}},"16":{"start":{"line":24,"column":8},"end":{"line":24,"column":55}},"17":{"start":{"line":29,"column":0},"end":{"line":37,"column":3}},"18":{"start":{"line":30,"column":4},"end":{"line":36,"column":5}},"19":{"start":{"line":31,"column":30},"end":{"line":31,"column":65}},"20":{"start":{"line":32,"column":22},"end":{"line":32,"column":84}},"21":{"start":{"line":33,"column":8},"end":{"line":33,"column":24}},"22":{"start":{"line":35,"column":8},"end":{"line":35,"column":55}},"23":{"start":{"line":39,"column":0},"end":{"line":47,"column":3}},"24":{"start":{"line":40,"column":4},"end":{"line":46,"column":5}},"25":{"start":{"line":41,"column":23},"end":{"line":41,"column":51}},"26":{"start":{"line":42,"column":21},"end":{"line":42,"column":79}},"27":{"start":{"line":43,"column":8},"end":{"line":43,"column":23}},"28":{"start":{"line":45,"column":8},"end":{"line":45,"column":55}},"29":{"start":{"line":49,"column":0},"end":{"line":57,"column":3}},"30":{"start":{"line":50,"column":4},"end":{"line":56,"column":5}},"31":{"start":{"line":51,"column":23},"end":{"line":51,"column":51}},"32":{"start":{"line":52,"column":8},"end":{"line":52,"column":57}},"33":{"start":{"line":53,"column":8},"end":{"line":53,"column":75}},"34":{"start":{"line":55,"column":8},"end":{"line":55,"column":55}},"35":{"start":{"line":59,"column":0},"end":{"line":59,"column":22}}},"fnMap":{"0":{"name":"(anonymous_0)","decl":{"start":{"line":7,"column":17},"end":{"line":7,"column":18}},"loc":{"start":{"line":7,"column":35},"end":{"line":7,"column":85}}},"1":{"name":"(anonymous_1)","decl":{"start":{"line":9,"column":22},"end":{"line":9,"column":27}},"loc":{"start":{"line":9,"column":60},"end":{"line":16,"column":1}}},"2":{"name":"(anonymous_2)","decl":{"start":{"line":18,"column":25},"end":{"line":18,"column":30}},"loc":{"start":{"line":18,"column":63},"end":{"line":26,"column":1}}},"3":{"name":"(anonymous_3)","decl":{"start":{"line":29,"column":41},"end":{"line":29,"column":46}},"loc":{"start":{"line":29,"column":79},"end":{"line":37,"column":1}}},"4":{"name":"(anonymous_4)","decl":{"start":{"line":39,"column":27},"end":{"line":39,"column":32}},"loc":{"start":{"line":39,"column":65},"end":{"line":47,"column":1}}},"5":{"name":"(anonymous_5)","decl":{"start":{"line":49,"column":28},"end":{"line":49,"column":33}},"loc":{"start":{"line":49,"column":66},"end":{"line":57,"column":1}}}},"branchMap":{},"s":{"0":1,"1":1,"2":1,"3":1,"4":1,"5":2,"6":1,"7":1,"8":1,"9":1,"10":0,"11":1,"12":0,"13":0,"14":0,"15":0,"16":0,"17":1,"18":0,"19":0,"20":0,"21":0,"22":0,"23":1,"24":1,"25":1,"26":1,"27":1,"28":0,"29":1,"30":0,"31":0,"32":0,"33":0,"34":0,"35":1},"f":{"0":2,"1":1,"2":0,"3":0,"4":1,"5":0},"b":{}}
,"C:\\Users\\sebas\\OneDrive\\Escritorio\\FullStack 3\\Innovatech-solutions\\bff-gateway\\src\\services\\projects.service.ts": {"path":"C:\\Users\\sebas\\OneDrive\\Escritorio\\FullStack 3\\Innovatech-solutions\\bff-gateway\\src\\services\\projects.service.ts","statementMap":{"0":{"start":{"line":1,"column":0},"end":{"line":1,"column":26}},"1":{"start":{"line":2,"column":0},"end":{"line":2,"column":37}},"2":{"start":{"line":3,"column":0},"end":{"line":3,"column":28}},"3":{"start":{"line":4,"column":0},"end":{"line":4,"column":47}},"4":{"start":{"line":5,"column":0},"end":{"line":5,"column":16}},"5":{"start":{"line":7,"column":24},"end":{"line":11,"column":2}},"6":{"start":{"line":24,"column":8},"end":{"line":24,"column":66}},"7":{"start":{"line":25,"column":8},"end":{"line":25,"column":47}},"8":{"start":{"line":27,"column":8},"end":{"line":30,"column":10}},"9":{"start":{"line":28,"column":30},"end":{"line":28,"column":81}},"10":{"start":{"line":31,"column":8},"end":{"line":34,"column":10}},"11":{"start":{"line":32,"column":42},"end":{"line":32,"column":99}},"12":{"start":{"line":35,"column":8},"end":{"line":38,"column":10}},"13":{"start":{"line":36,"column":48},"end":{"line":36,"column":113}},"14":{"start":{"line":39,"column":8},"end":{"line":42,"column":10}},"15":{"start":{"line":40,"column":60},"end":{"line":40,"column":132}},"16":{"start":{"line":43,"column":8},"end":{"line":46,"column":10}},"17":{"start":{"line":44,"column":42},"end":{"line":44,"column":102}},"18":{"start":{"line":47,"column":8},"end":{"line":50,"column":10}},"19":{"start":{"line":48,"column":58},"end":{"line":48,"column":136}},"20":{"start":{"line":52,"column":8},"end":{"line":52,"column":54}},"21":{"start":{"line":52,"column":50},"end":{"line":52,"column":52}},"22":{"start":{"line":53,"column":8},"end":{"line":53,"column":112}},"23":{"start":{"line":53,"column":51},"end":{"line":53,"column":109}},"24":{"start":{"line":54,"column":8},"end":{"line":54,"column":123}},"25":{"start":{"line":54,"column":50},"end":{"line":54,"column":120}},"26":{"start":{"line":55,"column":8},"end":{"line":55,"column":128}},"27":{"start":{"line":55,"column":50},"end":{"line":55,"column":125}},"28":{"start":{"line":56,"column":8},"end":{"line":56,"column":126}},"29":{"start":{"line":56,"column":50},"end":{"line":56,"column":123}},"30":{"start":{"line":57,"column":8},"end":{"line":57,"column":122}},"31":{"start":{"line":57,"column":49},"end":{"line":57,"column":119}},"32":{"start":{"line":61,"column":8},"end":{"line":61,"column":66}},"33":{"start":{"line":65,"column":25},"end":{"line":65,"column":94}},"34":{"start":{"line":66,"column":8},"end":{"line":66,"column":41}},"35":{"start":{"line":70,"column":25},"end":{"line":70,"column":98}},"36":{"start":{"line":71,"column":8},"end":{"line":71,"column":41}},"37":{"start":{"line":75,"column":25},"end":{"line":75,"column":106}},"38":{"start":{"line":76,"column":8},"end":{"line":76,"column":41}},"39":{"start":{"line":80,"column":25},"end":{"line":80,"column":110}},"40":{"start":{"line":81,"column":8},"end":{"line":81,"column":41}},"41":{"start":{"line":85,"column":25},"end":{"line":85,"column":97}},"42":{"start":{"line":86,"column":8},"end":{"line":86,"column":41}},"43":{"start":{"line":90,"column":8},"end":{"line":96,"column":9}},"44":{"start":{"line":91,"column":26},"end":{"line":91,"column":87}},"45":{"start":{"line":92,"column":36},"end":{"line":92,"column":92}},"46":{"start":{"line":92,"column":64},"end":{"line":92,"column":91}},"47":{"start":{"line":93,"column":12},"end":{"line":95,"column":13}},"48":{"start":{"line":94,"column":16},"end":{"line":94,"column":91}},"49":{"start":{"line":97,"column":25},"end":{"line":97,"column":104}},"50":{"start":{"line":98,"column":8},"end":{"line":98,"column":41}},"51":{"start":{"line":13,"column":0},"end":{"line":13,"column":13}}},"fnMap":{"0":{"name":"(anonymous_1)","decl":{"start":{"line":23,"column":4},"end":{"line":23,"column":null}},"loc":{"start":{"line":23,"column":4},"end":{"line":58,"column":5}}},"1":{"name":"(anonymous_2)","decl":{"start":{"line":28,"column":12},"end":{"line":28,"column":13}},"loc":{"start":{"line":28,"column":30},"end":{"line":28,"column":81}}},"2":{"name":"(anonymous_3)","decl":{"start":{"line":32,"column":12},"end":{"line":32,"column":13}},"loc":{"start":{"line":32,"column":42},"end":{"line":32,"column":99}}},"3":{"name":"(anonymous_4)","decl":{"start":{"line":36,"column":12},"end":{"line":36,"column":13}},"loc":{"start":{"line":36,"column":48},"end":{"line":36,"column":113}}},"4":{"name":"(anonymous_5)","decl":{"start":{"line":40,"column":12},"end":{"line":40,"column":13}},"loc":{"start":{"line":40,"column":60},"end":{"line":40,"column":132}}},"5":{"name":"(anonymous_6)","decl":{"start":{"line":44,"column":12},"end":{"line":44,"column":13}},"loc":{"start":{"line":44,"column":42},"end":{"line":44,"column":102}}},"6":{"name":"(anonymous_7)","decl":{"start":{"line":48,"column":12},"end":{"line":48,"column":13}},"loc":{"start":{"line":48,"column":58},"end":{"line":48,"column":136}}},"7":{"name":"(anonymous_8)","decl":{"start":{"line":52,"column":44},"end":{"line":52,"column":47}},"loc":{"start":{"line":52,"column":50},"end":{"line":52,"column":52}}},"8":{"name":"(anonymous_9)","decl":{"start":{"line":53,"column":44},"end":{"line":53,"column":47}},"loc":{"start":{"line":53,"column":51},"end":{"line":53,"column":109}}},"9":{"name":"(anonymous_10)","decl":{"start":{"line":54,"column":43},"end":{"line":54,"column":46}},"loc":{"start":{"line":54,"column":50},"end":{"line":54,"column":120}}},"10":{"name":"(anonymous_11)","decl":{"start":{"line":55,"column":43},"end":{"line":55,"column":46}},"loc":{"start":{"line":55,"column":50},"end":{"line":55,"column":125}}},"11":{"name":"(anonymous_12)","decl":{"start":{"line":56,"column":43},"end":{"line":56,"column":46}},"loc":{"start":{"line":56,"column":50},"end":{"line":56,"column":123}}},"12":{"name":"(anonymous_13)","decl":{"start":{"line":57,"column":42},"end":{"line":57,"column":45}},"loc":{"start":{"line":57,"column":49},"end":{"line":57,"column":119}}},"13":{"name":"(anonymous_14)","decl":{"start":{"line":60,"column":12},"end":{"line":60,"column":23}},"loc":{"start":{"line":60,"column":38},"end":{"line":62,"column":5}}},"14":{"name":"(anonymous_15)","decl":{"start":{"line":64,"column":4},"end":{"line":64,"column":9}},"loc":{"start":{"line":64,"column":39},"end":{"line":67,"column":5}}},"15":{"name":"(anonymous_16)","decl":{"start":{"line":69,"column":4},"end":{"line":69,"column":9}},"loc":{"start":{"line":69,"column":51},"end":{"line":72,"column":5}}},"16":{"name":"(anonymous_17)","decl":{"start":{"line":74,"column":4},"end":{"line":74,"column":9}},"loc":{"start":{"line":74,"column":56},"end":{"line":77,"column":5}}},"17":{"name":"(anonymous_18)","decl":{"start":{"line":79,"column":4},"end":{"line":79,"column":9}},"loc":{"start":{"line":79,"column":68},"end":{"line":82,"column":5}}},"18":{"name":"(anonymous_19)","decl":{"start":{"line":84,"column":4},"end":{"line":84,"column":9}},"loc":{"start":{"line":84,"column":50},"end":{"line":87,"column":5}}},"19":{"name":"(anonymous_20)","decl":{"start":{"line":89,"column":4},"end":{"line":89,"column":9}},"loc":{"start":{"line":89,"column":65},"end":{"line":99,"column":5}}},"20":{"name":"(anonymous_21)","decl":{"start":{"line":92,"column":49},"end":{"line":92,"column":50}},"loc":{"start":{"line":92,"column":64},"end":{"line":92,"column":91}}}},"branchMap":{"0":{"loc":{"start":{"line":61,"column":15},"end":{"line":61,"column":65}},"type":"cond-expr","locations":[{"start":{"line":61,"column":23},"end":{"line":61,"column":60}},{"start":{"line":61,"column":63},"end":{"line":61,"column":65}}]},"1":{"loc":{"start":{"line":66,"column":15},"end":{"line":66,"column":40}},"type":"binary-expr","locations":[{"start":{"line":66,"column":15},"end":{"line":66,"column":28}},{"start":{"line":66,"column":32},"end":{"line":66,"column":40}}]},"2":{"loc":{"start":{"line":71,"column":15},"end":{"line":71,"column":40}},"type":"binary-expr","locations":[{"start":{"line":71,"column":15},"end":{"line":71,"column":28}},{"start":{"line":71,"column":32},"end":{"line":71,"column":40}}]},"3":{"loc":{"start":{"line":76,"column":15},"end":{"line":76,"column":40}},"type":"binary-expr","locations":[{"start":{"line":76,"column":15},"end":{"line":76,"column":28}},{"start":{"line":76,"column":32},"end":{"line":76,"column":40}}]},"4":{"loc":{"start":{"line":81,"column":15},"end":{"line":81,"column":40}},"type":"binary-expr","locations":[{"start":{"line":81,"column":15},"end":{"line":81,"column":28}},{"start":{"line":81,"column":32},"end":{"line":81,"column":40}}]},"5":{"loc":{"start":{"line":86,"column":15},"end":{"line":86,"column":40}},"type":"binary-expr","locations":[{"start":{"line":86,"column":15},"end":{"line":86,"column":28}},{"start":{"line":86,"column":32},"end":{"line":86,"column":40}}]},"6":{"loc":{"start":{"line":90,"column":8},"end":{"line":96,"column":9}},"type":"if","locations":[{"start":{"line":90,"column":8},"end":{"line":96,"column":9}},{"start":{},"end":{}}]},"7":{"loc":{"start":{"line":93,"column":12},"end":{"line":95,"column":13}},"type":"if","locations":[{"start":{"line":93,"column":12},"end":{"line":95,"column":13}},{"start":{},"end":{}}]},"8":{"loc":{"start":{"line":98,"column":15},"end":{"line":98,"column":40}},"type":"binary-expr","locations":[{"start":{"line":98,"column":15},"end":{"line":98,"column":28}},{"start":{"line":98,"column":32},"end":{"line":98,"column":40}}]}},"s":{"0":1,"1":1,"2":1,"3":1,"4":1,"5":1,"6":1,"7":1,"8":1,"9":1,"10":1,"11":0,"12":1,"13":1,"14":1,"15":0,"16":1,"17":0,"18":1,"19":1,"20":1,"21":1,"22":1,"23":0,"24":1,"25":0,"26":1,"27":0,"28":1,"29":0,"30":1,"31":0,"32":3,"33":1,"34":1,"35":0,"36":0,"37":1,"38":1,"39":0,"40":0,"41":0,"42":0,"43":2,"44":2,"45":2,"46":2,"47":2,"48":1,"49":1,"50":1,"51":1},"f":{"0":1,"1":1,"2":0,"3":1,"4":0,"5":0,"6":1,"7":1,"8":0,"9":0,"10":0,"11":0,"12":0,"13":3,"14":1,"15":0,"16":1,"17":0,"18":0,"19":2,"20":2},"b":{"0":[3,0],"1":[1,1],"2":[0,0],"3":[1,0],"4":[0,0],"5":[0,0],"6":[2,0],"7":[1,1],"8":[1,0]}}
,"C:\\Users\\sebas\\OneDrive\\Escritorio\\FullStack 3\\Innovatech-solutions\\bff-gateway\\src\\services\\tasks.service.ts": {"path":"C:\\Users\\sebas\\OneDrive\\Escritorio\\FullStack 3\\Innovatech-solutions\\bff-gateway\\src\\services\\tasks.service.ts","statementMap":{"0":{"start":{"line":1,"column":0},"end":{"line":1,"column":26}},"1":{"start":{"line":2,"column":0},"end":{"line":2,"column":37}},"2":{"start":{"line":3,"column":0},"end":{"line":3,"column":28}},"3":{"start":{"line":4,"column":0},"end":{"line":4,"column":16}},"4":{"start":{"line":6,"column":24},"end":{"line":10,"column":2}},"5":{"start":{"line":21,"column":8},"end":{"line":21,"column":60}},"6":{"start":{"line":23,"column":8},"end":{"line":26,"column":10}},"7":{"start":{"line":24,"column":42},"end":{"line":24,"column":93}},"8":{"start":{"line":27,"column":8},"end":{"line":30,"column":10}},"9":{"start":{"line":28,"column":49},"end":{"line":28,"column":115}},"10":{"start":{"line":31,"column":8},"end":{"line":34,"column":10}},"11":{"start":{"line":32,"column":45},"end":{"line":32,"column":101}},"12":{"start":{"line":35,"column":8},"end":{"line":38,"column":10}},"13":{"start":{"line":36,"column":57},"end":{"line":36,"column":120}},"14":{"start":{"line":39,"column":8},"end":{"line":42,"column":10}},"15":{"start":{"line":40,"column":42},"end":{"line":40,"column":96}},"16":{"start":{"line":44,"column":8},"end":{"line":44,"column":106}},"17":{"start":{"line":44,"column":48},"end":{"line":44,"column":103}},"18":{"start":{"line":45,"column":8},"end":{"line":45,"column":57}},"19":{"start":{"line":45,"column":53},"end":{"line":45,"column":55}},"20":{"start":{"line":46,"column":8},"end":{"line":46,"column":114}},"21":{"start":{"line":46,"column":47},"end":{"line":46,"column":111}},"22":{"start":{"line":47,"column":8},"end":{"line":47,"column":119}},"23":{"start":{"line":47,"column":47},"end":{"line":47,"column":116}},"24":{"start":{"line":48,"column":8},"end":{"line":48,"column":117}},"25":{"start":{"line":48,"column":47},"end":{"line":48,"column":114}},"26":{"start":{"line":52,"column":8},"end":{"line":52,"column":66}},"27":{"start":{"line":56,"column":25},"end":{"line":56,"column":95}},"28":{"start":{"line":57,"column":8},"end":{"line":57,"column":41}},"29":{"start":{"line":61,"column":25},"end":{"line":61,"column":108}},"30":{"start":{"line":62,"column":8},"end":{"line":62,"column":41}},"31":{"start":{"line":66,"column":25},"end":{"line":66,"column":100}},"32":{"start":{"line":67,"column":8},"end":{"line":67,"column":41}},"33":{"start":{"line":71,"column":25},"end":{"line":71,"column":104}},"34":{"start":{"line":72,"column":8},"end":{"line":72,"column":41}},"35":{"start":{"line":76,"column":25},"end":{"line":76,"column":94}},"36":{"start":{"line":77,"column":8},"end":{"line":77,"column":41}},"37":{"start":{"line":12,"column":0},"end":{"line":12,"column":13}}},"fnMap":{"0":{"name":"(anonymous_1)","decl":{"start":{"line":20,"column":4},"end":{"line":20,"column":null}},"loc":{"start":{"line":20,"column":4},"end":{"line":49,"column":5}}},"1":{"name":"(anonymous_2)","decl":{"start":{"line":24,"column":12},"end":{"line":24,"column":13}},"loc":{"start":{"line":24,"column":42},"end":{"line":24,"column":93}}},"2":{"name":"(anonymous_3)","decl":{"start":{"line":28,"column":12},"end":{"line":28,"column":13}},"loc":{"start":{"line":28,"column":49},"end":{"line":28,"column":115}}},"3":{"name":"(anonymous_4)","decl":{"start":{"line":32,"column":12},"end":{"line":32,"column":13}},"loc":{"start":{"line":32,"column":45},"end":{"line":32,"column":101}}},"4":{"name":"(anonymous_5)","decl":{"start":{"line":36,"column":12},"end":{"line":36,"column":13}},"loc":{"start":{"line":36,"column":57},"end":{"line":36,"column":120}}},"5":{"name":"(anonymous_6)","decl":{"start":{"line":40,"column":12},"end":{"line":40,"column":13}},"loc":{"start":{"line":40,"column":42},"end":{"line":40,"column":96}}},"6":{"name":"(anonymous_7)","decl":{"start":{"line":44,"column":41},"end":{"line":44,"column":44}},"loc":{"start":{"line":44,"column":48},"end":{"line":44,"column":103}}},"7":{"name":"(anonymous_8)","decl":{"start":{"line":45,"column":47},"end":{"line":45,"column":50}},"loc":{"start":{"line":45,"column":53},"end":{"line":45,"column":55}}},"8":{"name":"(anonymous_9)","decl":{"start":{"line":46,"column":40},"end":{"line":46,"column":43}},"loc":{"start":{"line":46,"column":47},"end":{"line":46,"column":111}}},"9":{"name":"(anonymous_10)","decl":{"start":{"line":47,"column":40},"end":{"line":47,"column":43}},"loc":{"start":{"line":47,"column":47},"end":{"line":47,"column":116}}},"10":{"name":"(anonymous_11)","decl":{"start":{"line":48,"column":40},"end":{"line":48,"column":43}},"loc":{"start":{"line":48,"column":47},"end":{"line":48,"column":114}}},"11":{"name":"(anonymous_12)","decl":{"start":{"line":51,"column":12},"end":{"line":51,"column":23}},"loc":{"start":{"line":51,"column":38},"end":{"line":53,"column":5}}},"12":{"name":"(anonymous_13)","decl":{"start":{"line":55,"column":4},"end":{"line":55,"column":9}},"loc":{"start":{"line":55,"column":48},"end":{"line":58,"column":5}}},"13":{"name":"(anonymous_14)","decl":{"start":{"line":60,"column":4},"end":{"line":60,"column":9}},"loc":{"start":{"line":60,"column":61},"end":{"line":63,"column":5}}},"14":{"name":"(anonymous_15)","decl":{"start":{"line":65,"column":4},"end":{"line":65,"column":9}},"loc":{"start":{"line":65,"column":50},"end":{"line":68,"column":5}}},"15":{"name":"(anonymous_16)","decl":{"start":{"line":70,"column":4},"end":{"line":70,"column":9}},"loc":{"start":{"line":70,"column":62},"end":{"line":73,"column":5}}},"16":{"name":"(anonymous_17)","decl":{"start":{"line":75,"column":4},"end":{"line":75,"column":9}},"loc":{"start":{"line":75,"column":47},"end":{"line":78,"column":5}}}},"branchMap":{"0":{"loc":{"start":{"line":52,"column":15},"end":{"line":52,"column":65}},"type":"cond-expr","locations":[{"start":{"line":52,"column":23},"end":{"line":52,"column":60}},{"start":{"line":52,"column":63},"end":{"line":52,"column":65}}]},"1":{"loc":{"start":{"line":57,"column":15},"end":{"line":57,"column":40}},"type":"binary-expr","locations":[{"start":{"line":57,"column":15},"end":{"line":57,"column":28}},{"start":{"line":57,"column":32},"end":{"line":57,"column":40}}]},"2":{"loc":{"start":{"line":62,"column":15},"end":{"line":62,"column":40}},"type":"binary-expr","locations":[{"start":{"line":62,"column":15},"end":{"line":62,"column":28}},{"start":{"line":62,"column":32},"end":{"line":62,"column":40}}]},"3":{"loc":{"start":{"line":67,"column":15},"end":{"line":67,"column":40}},"type":"binary-expr","locations":[{"start":{"line":67,"column":15},"end":{"line":67,"column":28}},{"start":{"line":67,"column":32},"end":{"line":67,"column":40}}]},"4":{"loc":{"start":{"line":72,"column":15},"end":{"line":72,"column":40}},"type":"binary-expr","locations":[{"start":{"line":72,"column":15},"end":{"line":72,"column":28}},{"start":{"line":72,"column":32},"end":{"line":72,"column":40}}]},"5":{"loc":{"start":{"line":77,"column":15},"end":{"line":77,"column":40}},"type":"binary-expr","locations":[{"start":{"line":77,"column":15},"end":{"line":77,"column":28}},{"start":{"line":77,"column":32},"end":{"line":77,"column":40}}]}},"s":{"0":1,"1":1,"2":1,"3":1,"4":1,"5":2,"6":2,"7":0,"8":2,"9":2,"10":2,"11":1,"12":2,"13":1,"14":2,"15":0,"16":2,"17":0,"18":2,"19":0,"20":2,"21":0,"22":2,"23":0,"24":2,"25":0,"26":4,"27":0,"28":0,"29":2,"30":2,"31":1,"32":1,"33":1,"34":1,"35":0,"36":0,"37":1},"f":{"0":2,"1":0,"2":2,"3":1,"4":1,"5":0,"6":0,"7":0,"8":0,"9":0,"10":0,"11":4,"12":0,"13":2,"14":1,"15":1,"16":0},"b":{"0":[4,0],"1":[0,0],"2":[2,0],"3":[1,0],"4":[1,0],"5":[0,0]}}
}
