TN:
SF:src\auth\auth.routes.ts
FN:28,(anonymous_1)
FNF:1
FNH:1
FNDA:9,(anonymous_1)
DA:1,2
DA:2,2
DA:3,2
DA:4,2
DA:6,2
DA:10,2
DA:28,2
DA:29,9
DA:31,9
DA:32,2
DA:35,7
DA:37,7
DA:38,1
DA:41,6
DA:43,6
DA:44,1
DA:47,5
DA:58,5
DA:68,2
LF:19
LH:19
BRDA:31,0,0,2
BRDA:31,0,1,7
BRDA:31,1,0,9
BRDA:31,1,1,8
BRDA:37,2,0,1
BRDA:37,2,1,6
BRDA:43,3,0,1
BRDA:43,3,1,5
BRF:8
BRH:8
end_of_record
TN:
SF:src\config\jwt.config.ts
FNF:0
FNH:0
DA:1,3
LF:1
LH:1
BRDA:2,0,0,3
BRDA:2,0,1,3
BRF:2
BRH:2
end_of_record
TN:
SF:src\middleware\auth.middleware.ts
FN:20,(anonymous_1)
FN:42,(anonymous_2)
FN:43,(anonymous_3)
FNF:3
FNH:1
FNDA:13,(anonymous_1)
FNDA:0,(anonymous_2)
FNDA:0,(anonymous_3)
DA:2,2
DA:3,2
DA:20,2
DA:21,13
DA:23,13
DA:24,2
DA:28,11
DA:32,11
DA:33,11
DA:34,9
DA:35,9
DA:37,2
DA:42,2
DA:43,0
DA:44,0
DA:45,0
DA:49,0
LF:17
LH:13
BRDA:23,0,0,2
BRDA:23,0,1,11
BRDA:28,1,0,10
BRDA:28,1,1,1
BRDA:44,2,0,0
BRDA:44,2,1,0
BRDA:44,3,0,0
BRDA:44,3,1,0
BRF:8
BRH:4
end_of_record
TN:
SF:src\routes\projects.routes.ts
FN:8,(anonymous_0)
FN:10,(anonymous_1)
FN:19,(anonymous_2)
FN:29,(anonymous_3)
FN:38,(anonymous_4)
FN:48,(anonymous_5)
FN:59,(anonymous_6)
FNF:7
FNH:4
FNDA:4,(anonymous_0)
FNDA:1,(anonymous_1)
FNDA:0,(anonymous_2)
FNDA:1,(anonymous_3)
FNDA:0,(anonymous_4)
FNDA:2,(anonymous_5)
FNDA:0,(anonymous_6)
DA:1,1
DA:2,1
DA:4,1
DA:5,1
DA:8,4
DA:10,1
DA:11,1
DA:12,1
DA:13,1
DA:15,0
DA:19,1
DA:20,0
DA:21,0
DA:22,0
DA:23,0
DA:25,0
DA:29,1
DA:30,1
DA:31,1
DA:32,1
DA:34,0
DA:38,1
DA:39,0
DA:40,0
DA:41,0
DA:42,0
DA:44,0
DA:48,1
DA:49,2
DA:50,2
DA:51,2
DA:52,2
DA:53,1
DA:55,1
DA:59,1
DA:60,0
DA:61,0
DA:62,0
DA:63,0
DA:65,0
DA:69,1
LF:41
LH:24
BRF:0
BRH:0
end_of_record
TN:
SF:src\routes\tasks.routes.ts
FN:7,(anonymous_0)
FN:9,(anonymous_1)
FN:18,(anonymous_2)
FN:29,(anonymous_3)
FN:39,(anonymous_4)
FN:49,(anonymous_5)
FNF:6
FNH:3
FNDA:2,(anonymous_0)
FNDA:1,(anonymous_1)
FNDA:0,(anonymous_2)
FNDA:0,(anonymous_3)
FNDA:1,(anonymous_4)
FNDA:0,(anonymous_5)
DA:1,1
DA:2,1
DA:4,1
DA:5,1
DA:7,2
DA:9,1
DA:10,1
DA:11,1
DA:12,1
DA:14,0
DA:18,1
DA:19,0
DA:20,0
DA:21,0
DA:22,0
DA:24,0
DA:29,1
DA:30,0
DA:31,0
DA:32,0
DA:33,0
DA:35,0
DA:39,1
DA:40,1
DA:41,1
DA:42,1
DA:43,1
DA:45,0
DA:49,1
DA:50,0
DA:51,0
DA:52,0
DA:53,0
DA:55,0
DA:59,1
LF:35
LH:18
BRF:0
BRH:0
end_of_record
TN:
SF:src\services\projects.service.ts
FN:23,(anonymous_1)
FN:28,(anonymous_2)
FN:32,(anonymous_3)
FN:36,(anonymous_4)
FN:40,(anonymous_5)
FN:44,(anonymous_6)
FN:48,(anonymous_7)
FN:52,(anonymous_8)
FN:53,(anonymous_9)
FN:54,(anonymous_10)
FN:55,(anonymous_11)
FN:56,(anonymous_12)
FN:57,(anonymous_13)
FN:60,(anonymous_14)
FN:64,(anonymous_15)
FN:69,(anonymous_16)
FN:74,(anonymous_17)
FN:79,(anonymous_18)
FN:84,(anonymous_19)
FN:89,(anonymous_20)
FN:92,(anonymous_21)
FNF:21
FNH:10
FNDA:1,(anonymous_1)
FNDA:1,(anonymous_2)
FNDA:0,(anonymous_3)
FNDA:1,(anonymous_4)
FNDA:0,(anonymous_5)
FNDA:0,(anonymous_6)
FNDA:1,(anonymous_7)
FNDA:1,(anonymous_8)
FNDA:0,(anonymous_9)
FNDA:0,(anonymous_10)
FNDA:0,(anonymous_11)
FNDA:0,(anonymous_12)
FNDA:0,(anonymous_13)
FNDA:3,(anonymous_14)
FNDA:1,(anonymous_15)
FNDA:0,(anonymous_16)
FNDA:1,(anonymous_17)
FNDA:0,(anonymous_18)
FNDA:0,(anonymous_19)
FNDA:2,(anonymous_20)
FNDA:2,(anonymous_21)
DA:1,1
DA:2,1
DA:3,1
DA:4,1
DA:5,1
DA:7,1
DA:13,1
DA:24,1
DA:25,1
DA:27,1
DA:28,1
DA:31,1
DA:32,0
DA:35,1
DA:36,1
DA:39,1
DA:40,0
DA:43,1
DA:44,0
DA:47,1
DA:48,1
DA:52,1
DA:53,1
DA:54,1
DA:55,1
DA:56,1
DA:57,1
DA:61,3
DA:65,1
DA:66,1
DA:70,0
DA:71,0
DA:75,1
DA:76,1
DA:80,0
DA:81,0
DA:85,0
DA:86,0
DA:90,2
DA:91,2
DA:92,2
DA:93,2
DA:94,1
DA:97,1
DA:98,1
LF:45
LH:36
BRDA:61,0,0,3
BRDA:61,0,1,0
BRDA:66,1,0,1
BRDA:66,1,1,1
BRDA:71,2,0,0
BRDA:71,2,1,0
BRDA:76,3,0,1
BRDA:76,3,1,0
BRDA:81,4,0,0
BRDA:81,4,1,0
BRDA:86,5,0,0
BRDA:86,5,1,0
BRDA:90,6,0,2
BRDA:90,6,1,0
BRDA:93,7,0,1
BRDA:93,7,1,1
BRDA:98,8,0,1
BRDA:98,8,1,0
BRF:18
BRH:8
end_of_record
TN:
SF:src\services\tasks.service.ts
FN:20,(anonymous_1)
FN:24,(anonymous_2)
FN:28,(anonymous_3)
FN:32,(anonymous_4)
FN:36,(anonymous_5)
FN:40,(anonymous_6)
FN:44,(anonymous_7)
FN:45,(anonymous_8)
FN:46,(anonymous_9)
FN:47,(anonymous_10)
FN:48,(anonymous_11)
FN:51,(anonymous_12)
FN:55,(anonymous_13)
FN:60,(anonymous_14)
FN:65,(anonymous_15)
FN:70,(anonymous_16)
FN:75,(anonymous_17)
FNF:17
FNH:8
FNDA:2,(anonymous_1)
FNDA:0,(anonymous_2)
FNDA:2,(anonymous_3)
FNDA:1,(anonymous_4)
FNDA:1,(anonymous_5)
FNDA:0,(anonymous_6)
FNDA:0,(anonymous_7)
FNDA:0,(anonymous_8)
FNDA:0,(anonymous_9)
FNDA:0,(anonymous_10)
FNDA:0,(anonymous_11)
FNDA:4,(anonymous_12)
FNDA:0,(anonymous_13)
FNDA:2,(anonymous_14)
FNDA:1,(anonymous_15)
FNDA:1,(anonymous_16)
FNDA:0,(anonymous_17)
DA:1,1
DA:2,1
DA:3,1
DA:4,1
DA:6,1
DA:12,1
DA:21,2
DA:23,2
DA:24,0
DA:27,2
DA:28,2
DA:31,2
DA:32,1
DA:35,2
DA:36,1
DA:39,2
DA:40,0
DA:44,2
DA:45,2
DA:46,2
DA:47,2
DA:48,2
DA:52,4
DA:56,0
DA:57,0
DA:61,2
DA:62,2
DA:66,1
DA:67,1
DA:71,1
DA:72,1
DA:76,0
DA:77,0
LF:33
LH:27
BRDA:52,0,0,4
BRDA:52,0,1,0
BRDA:57,1,0,0
BRDA:57,1,1,0
BRDA:62,2,0,2
BRDA:62,2,1,0
BRDA:67,3,0,1
BRDA:67,3,1,0
BRDA:72,4,0,1
BRDA:72,4,1,0
BRDA:77,5,0,0
BRDA:77,5,1,0
BRF:12
BRH:4
end_of_record
