{"C:\\Users\\sebas\\OneDrive\\Escritorio\\FullStack 3\\Innovatech-solutions\\ms-projects\\src\\factories\\project.factory.ts": {"path":"C:\\Users\\sebas\\OneDrive\\Escritorio\\FullStack 3\\Innovatech-solutions\\ms-projects\\src\\factories\\project.factory.ts","statementMap":{"0":{"start":{"line":6,"column":4},"end":{"line":6,"column":81}},"1":{"start":{"line":6,"column":37},"end":{"line":6,"column":81}},"2":{"start":{"line":7,"column":4},"end":{"line":7,"column":100}},"3":{"start":{"line":7,"column":51},"end":{"line":7,"column":100}},"4":{"start":{"line":9,"column":4},"end":{"line":13,"column":6}},"5":{"start":{"line":3,"column":0},"end":{"line":3,"column":13}}},"fnMap":{"0":{"name":"(anonymous_0)","decl":{"start":{"line":4,"column":2},"end":{"line":4,"column":8}},"loc":{"start":{"line":4,"column":49},"end":{"line":14,"column":3}}}},"branchMap":{"0":{"loc":{"start":{"line":6,"column":4},"end":{"line":6,"column":81}},"type":"if","locations":[{"start":{"line":6,"column":4},"end":{"line":6,"column":81}},{"start":{},"end":{}}]},"1":{"loc":{"start":{"line":6,"column":8},"end":{"line":6,"column":35}},"type":"binary-expr","locations":[{"start":{"line":6,"column":8},"end":{"line":6,"column":13}},{"start":{"line":6,"column":17},"end":{"line":6,"column":35}}]},"2":{"loc":{"start":{"line":7,"column":4},"end":{"line":7,"column":100}},"type":"if","locations":[{"start":{"line":7,"column":4},"end":{"line":7,"column":100}},{"start":{},"end":{}}]},"3":{"loc":{"start":{"line":7,"column":8},"end":{"line":7,"column":49}},"type":"binary-expr","locations":[{"start":{"line":7,"column":8},"end":{"line":7,"column":20}},{"start":{"line":7,"column":24},"end":{"line":7,"column":49}}]}},"s":{"0":9,"1":4,"2":5,"3":3,"4":2,"5":2},"f":{"0":9},"b":{"0":[4,5],"1":[9,6],"2":[3,2],"3":[5,3]}}
,"C:\\Users\\sebas\\OneDrive\\Escritorio\\FullStack 3\\Innovatech-solutions\\ms-projects\\src\\services\\project.service.ts": {"path":"C:\\Users\\sebas\\OneDrive\\Escritorio\\FullStack 3\\Innovatech-solutions\\ms-projects\\src\\services\\project.service.ts","statementMap":{"0":{"start":{"line":1,"column":0},"end":{"line":1,"column":55}},"1":{"start":{"line":2,"column":0},"end":{"line":2,"column":62}},"2":{"start":{"line":3,"column":0},"end":{"line":3,"column":26}},"3":{"start":{"line":5,"column":15},"end":{"line":5,"column":33}},"4":{"start":{"line":11,"column":24},"end":{"line":11,"column":74}},"5":{"start":{"line":12,"column":4},"end":{"line":14,"column":7}},"6":{"start":{"line":19,"column":4},"end":{"line":19,"column":43}},"7":{"start":{"line":24,"column":4},"end":{"line":24,"column":62}},"8":{"start":{"line":29,"column":4},"end":{"line":35,"column":5}},"9":{"start":{"line":31,"column":30},"end":{"line":31,"column":69}},"10":{"start":{"line":32,"column":6},"end":{"line":34,"column":7}},"11":{"start":{"line":33,"column":8},"end":{"line":33,"column":89}},"12":{"start":{"line":36,"column":4},"end":{"line":39,"column":7}},"13":{"start":{"line":44,"column":4},"end":{"line":57,"column":5}},"14":{"start":{"line":45,"column":27},"end":{"line":45,"column":77}},"15":{"start":{"line":46,"column":23},"end":{"line":49,"column":null}},"16":{"start":{"line":51,"column":20},"end":{"line":51,"column":33}},"17":{"start":{"line":52,"column":6},"end":{"line":52,"column":66}},"18":{"start":{"line":52,"column":39},"end":{"line":52,"column":64}},"19":{"start":{"line":55,"column":6},"end":{"line":55,"column":54}},"20":{"start":{"line":56,"column":6},"end":{"line":56,"column":18}},"21":{"start":{"line":62,"column":4},"end":{"line":64,"column":5}},"22":{"start":{"line":63,"column":6},"end":{"line":63,"column":57}},"23":{"start":{"line":65,"column":4},"end":{"line":67,"column":5}},"24":{"start":{"line":66,"column":6},"end":{"line":66,"column":62}},"25":{"start":{"line":68,"column":20},"end":{"line":68,"column":70}},"26":{"start":{"line":69,"column":4},"end":{"line":69,"column":73}},"27":{"start":{"line":69,"column":18},"end":{"line":69,"column":73}},"28":{"start":{"line":70,"column":4},"end":{"line":73,"column":7}},"29":{"start":{"line":78,"column":4},"end":{"line":82,"column":5}},"30":{"start":{"line":79,"column":6},"end":{"line":79,"column":60}},"31":{"start":{"line":81,"column":6},"end":{"line":81,"column":92}},"32":{"start":{"line":7,"column":0},"end":{"line":7,"column":13}}},"fnMap":{"0":{"name":"(anonymous_1)","decl":{"start":{"line":10,"column":2},"end":{"line":10,"column":7}},"loc":{"start":{"line":10,"column":65},"end":{"line":15,"column":3}}},"1":{"name":"(anonymous_2)","decl":{"start":{"line":18,"column":2},"end":{"line":18,"column":7}},"loc":{"start":{"line":18,"column":22},"end":{"line":20,"column":3}}},"2":{"name":"(anonymous_3)","decl":{"start":{"line":23,"column":2},"end":{"line":23,"column":7}},"loc":{"start":{"line":23,"column":33},"end":{"line":25,"column":3}}},"3":{"name":"(anonymous_4)","decl":{"start":{"line":28,"column":2},"end":{"line":28,"column":7}},"loc":{"start":{"line":28,"column":66},"end":{"line":40,"column":3}}},"4":{"name":"(anonymous_5)","decl":{"start":{"line":43,"column":10},"end":{"line":43,"column":15}},"loc":{"start":{"line":43,"column":67},"end":{"line":58,"column":3}}},"5":{"name":"(anonymous_6)","decl":{"start":{"line":52,"column":24},"end":{"line":52,"column":25}},"loc":{"start":{"line":52,"column":39},"end":{"line":52,"column":64}}},"6":{"name":"(anonymous_7)","decl":{"start":{"line":61,"column":2},"end":{"line":61,"column":7}},"loc":{"start":{"line":61,"column":79},"end":{"line":74,"column":3}}},"7":{"name":"(anonymous_8)","decl":{"start":{"line":77,"column":2},"end":{"line":77,"column":7}},"loc":{"start":{"line":77,"column":32},"end":{"line":83,"column":3}}}},"branchMap":{"0":{"loc":{"start":{"line":29,"column":4},"end":{"line":35,"column":5}},"type":"if","locations":[{"start":{"line":29,"column":4},"end":{"line":35,"column":5}},{"start":{},"end":{}}]},"1":{"loc":{"start":{"line":32,"column":6},"end":{"line":34,"column":7}},"type":"if","locations":[{"start":{"line":32,"column":6},"end":{"line":34,"column":7}},{"start":{},"end":{}}]},"2":{"loc":{"start":{"line":45,"column":27},"end":{"line":45,"column":77}},"type":"binary-expr","locations":[{"start":{"line":45,"column":27},"end":{"line":45,"column":51}},{"start":{"line":45,"column":55},"end":{"line":45,"column":77}}]},"3":{"loc":{"start":{"line":49,"column":8},"end":{"line":49,"column":58}},"type":"cond-expr","locations":[{"start":{"line":49,"column":16},"end":{"line":49,"column":53}},{"start":{"line":49,"column":56},"end":{"line":49,"column":58}}]},"4":{"loc":{"start":{"line":62,"column":4},"end":{"line":64,"column":5}},"type":"if","locations":[{"start":{"line":62,"column":4},"end":{"line":64,"column":5}},{"start":{},"end":{}}]},"5":{"loc":{"start":{"line":62,"column":8},"end":{"line":62,"column":58}},"type":"binary-expr","locations":[{"start":{"line":62,"column":8},"end":{"line":62,"column":31}},{"start":{"line":62,"column":35},"end":{"line":62,"column":58}}]},"6":{"loc":{"start":{"line":65,"column":4},"end":{"line":67,"column":5}},"type":"if","locations":[{"start":{"line":65,"column":4},"end":{"line":67,"column":5}},{"start":{},"end":{}}]},"7":{"loc":{"start":{"line":65,"column":8},"end":{"line":65,"column":72}},"type":"binary-expr","locations":[{"start":{"line":65,"column":8},"end":{"line":65,"column":38}},{"start":{"line":65,"column":42},"end":{"line":65,"column":72}}]},"8":{"loc":{"start":{"line":69,"column":4},"end":{"line":69,"column":73}},"type":"if","locations":[{"start":{"line":69,"column":4},"end":{"line":69,"column":73}},{"start":{},"end":{}}]}},"s":{"0":1,"1":1,"2":1,"3":1,"4":2,"5":1,"6":2,"7":2,"8":4,"9":3,"10":3,"11":2,"12":2,"13":3,"14":3,"15":3,"16":2,"17":2,"18":4,"19":1,"20":1,"21":4,"22":1,"23":3,"24":1,"25":2,"26":2,"27":1,"28":1,"29":2,"30":2,"31":1,"32":1},"f":{"0":2,"1":2,"2":2,"3":4,"4":3,"5":4,"6":4,"7":2},"b":{"0":[3,1],"1":[2,1],"2":[3,3],"3":[3,0],"4":[1,3],"5":[4,3],"6":[1,2],"7":[3,1],"8":[1,1]}}
}
