TN:
SF:src\factories\project.factory.ts
FN:4,(anonymous_0)
FNF:1
FNH:1
FNDA:9,(anonymous_0)
DA:3,2
DA:6,9
DA:7,5
DA:9,2
LF:4
LH:4
BRDA:6,0,0,4
BRDA:6,0,1,5
BRDA:6,1,0,9
BRDA:6,1,1,6
BRDA:7,2,0,3
BRDA:7,2,1,2
BRDA:7,3,0,5
BRDA:7,3,1,3
BRF:8
BRH:8
end_of_record
TN:
SF:src\services\project.service.ts
FN:10,(anonymous_1)
FN:18,(anonymous_2)
FN:23,(anonymous_3)
FN:28,(anonymous_4)
FN:43,(anonymous_5)
FN:52,(anonymous_6)
FN:61,(anonymous_7)
FN:77,(anonymous_8)
FNF:8
FNH:8
FNDA:2,(anonymous_1)
FNDA:2,(anonymous_2)
FNDA:2,(anonymous_3)
FNDA:4,(anonymous_4)
FNDA:3,(anonymous_5)
FNDA:4,(anonymous_6)
FNDA:4,(anonymous_7)
FNDA:2,(anonymous_8)
DA:1,1
DA:2,1
DA:3,1
DA:5,1
DA:7,1
DA:11,2
DA:12,1
DA:19,2
DA:24,2
DA:29,4
DA:31,3
DA:32,3
DA:33,2
DA:36,2
DA:44,3
DA:45,3
DA:46,3
DA:51,2
DA:52,4
DA:55,1
DA:56,1
DA:62,4
DA:63,1
DA:65,3
DA:66,1
DA:68,2
DA:69,2
DA:70,1
DA:78,2
DA:79,2
DA:81,1
LF:31
LH:31
BRDA:29,0,0,3
BRDA:29,0,1,1
BRDA:32,1,0,2
BRDA:32,1,1,1
BRDA:45,2,0,3
BRDA:45,2,1,3
BRDA:49,3,0,3
BRDA:49,3,1,0
BRDA:62,4,0,1
BRDA:62,4,1,3
BRDA:62,5,0,4
BRDA:62,5,1,3
BRDA:65,6,0,1
BRDA:65,6,1,2
BRDA:65,7,0,3
BRDA:65,7,1,1
BRDA:69,8,0,1
BRDA:69,8,1,1
BRF:18
BRH:17
end_of_record
