<?xml version="1.0" encoding="UTF-8"?>
<coverage generated="1781920701799" clover="3.2.0">
  <project timestamp="1781920701799" name="All files">
    <metrics statements="28" coveredstatements="28" conditionals="20" coveredconditionals="20" methods="6" coveredmethods="6" elements="54" coveredelements="54" complexity="0" loc="28" ncloc="28" packages="2" files="2" classes="2"/>
    <package name="factories">
      <metrics statements="12" coveredstatements="12" conditionals="20" coveredconditionals="20" methods="1" coveredmethods="1"/>
      <file name="task.factory.ts" path="C:\Users\sebas\OneDrive\Escritorio\FullStack 3\Innovatech-solutions\ms-tasks\src\factories\task.factory.ts">
        <metrics statements="12" coveredstatements="12" conditionals="20" coveredconditionals="20" methods="1" coveredmethods="1"/>
        <line num="3" count="2" type="stmt"/>
        <line num="13" count="10" type="cond" truecount="4" falsecount="0"/>
        <line num="14" count="2" type="stmt"/>
        <line num="15" count="8" type="cond" truecount="2" falsecount="0"/>
        <line num="16" count="2" type="stmt"/>
        <line num="17" count="6" type="cond" truecount="4" falsecount="0"/>
        <line num="18" count="1" type="stmt"/>
        <line num="19" count="5" type="cond" truecount="4" falsecount="0"/>
        <line num="20" count="1" type="stmt"/>
        <line num="21" count="4" type="cond" truecount="4" falsecount="0"/>
        <line num="22" count="1" type="stmt"/>
        <line num="24" count="3" type="stmt"/>
      </file>
    </package>
    <package name="services">
      <metrics statements="16" coveredstatements="16" conditionals="0" coveredconditionals="0" methods="5" coveredmethods="5"/>
      <file name="task.service.ts" path="C:\Users\sebas\OneDrive\Escritorio\FullStack 3\Innovatech-solutions\ms-tasks\src\services\task.service.ts">
        <metrics statements="16" coveredstatements="16" conditionals="0" coveredconditionals="0" methods="5" coveredmethods="5"/>
        <line num="1" count="1" type="stmt"/>
        <line num="2" count="1" type="stmt"/>
        <line num="3" count="1" type="stmt"/>
        <line num="5" count="1" type="stmt"/>
        <line num="7" count="1" type="stmt"/>
        <line num="9" count="1" type="stmt"/>
        <line num="13" count="3" type="stmt"/>
        <line num="14" count="1" type="stmt"/>
        <line num="21" count="2" type="stmt"/>
        <line num="28" count="2" type="stmt"/>
        <line num="29" count="2" type="stmt"/>
        <line num="37" count="1" type="stmt"/>
        <line num="43" count="2" type="stmt"/>
        <line num="44" count="2" type="stmt"/>
        <line num="48" count="1" type="stmt"/>
        <line num="54" count="2" type="stmt"/>
      </file>
    </package>
  </project>
</coverage>
