{"C:\\Users\\sebas\\OneDrive\\Escritorio\\FullStack 3\\Innovatech-solutions\\ms-tasks\\src\\factories\\task.factory.ts": {"path":"C:\\Users\\sebas\\OneDrive\\Escritorio\\FullStack 3\\Innovatech-solutions\\ms-tasks\\src\\factories\\task.factory.ts","statementMap":{"0":{"start":{"line":13,"column":4},"end":{"line":14,"column":62}},"1":{"start":{"line":14,"column":6},"end":{"line":14,"column":62}},"2":{"start":{"line":15,"column":4},"end":{"line":16,"column":70}},"3":{"start":{"line":16,"column":6},"end":{"line":16,"column":70}},"4":{"start":{"line":17,"column":4},"end":{"line":18,"column":48}},"5":{"start":{"line":18,"column":6},"end":{"line":18,"column":48}},"6":{"start":{"line":19,"column":4},"end":{"line":20,"column":66}},"7":{"start":{"line":20,"column":6},"end":{"line":20,"column":66}},"8":{"start":{"line":21,"column":4},"end":{"line":22,"column":59}},"9":{"start":{"line":22,"column":6},"end":{"line":22,"column":59}},"10":{"start":{"line":24,"column":4},"end":{"line":32,"column":6}},"11":{"start":{"line":3,"column":0},"end":{"line":3,"column":13}}},"fnMap":{"0":{"name":"(anonymous_0)","decl":{"start":{"line":4,"column":2},"end":{"line":4,"column":8}},"loc":{"start":{"line":11,"column":3},"end":{"line":33,"column":3}}}},"branchMap":{"0":{"loc":{"start":{"line":13,"column":4},"end":{"line":14,"column":62}},"type":"if","locations":[{"start":{"line":13,"column":4},"end":{"line":14,"column":62}},{"start":{},"end":{}}]},"1":{"loc":{"start":{"line":13,"column":8},"end":{"line":13,"column":45}},"type":"binary-expr","locations":[{"start":{"line":13,"column":8},"end":{"line":13,"column":18}},{"start":{"line":13,"column":22},"end":{"line":13,"column":45}}]},"2":{"loc":{"start":{"line":15,"column":4},"end":{"line":16,"column":70}},"type":"if","locations":[{"start":{"line":15,"column":4},"end":{"line":16,"column":70}},{"start":{},"end":{}}]},"3":{"loc":{"start":{"line":17,"column":4},"end":{"line":18,"column":48}},"type":"if","locations":[{"start":{"line":17,"column":4},"end":{"line":18,"column":48}},{"start":{},"end":{}}]},"4":{"loc":{"start":{"line":17,"column":8},"end":{"line":17,"column":45}},"type":"binary-expr","locations":[{"start":{"line":17,"column":8},"end":{"line":17,"column":18}},{"start":{"line":17,"column":22},"end":{"line":17,"column":45}}]},"5":{"loc":{"start":{"line":19,"column":4},"end":{"line":20,"column":66}},"type":"if","locations":[{"start":{"line":19,"column":4},"end":{"line":20,"column":66}},{"start":{},"end":{}}]},"6":{"loc":{"start":{"line":19,"column":8},"end":{"line":19,"column":57}},"type":"binary-expr","locations":[{"start":{"line":19,"column":8},"end":{"line":19,"column":24}},{"start":{"line":19,"column":28},"end":{"line":19,"column":57}}]},"7":{"loc":{"start":{"line":21,"column":4},"end":{"line":22,"column":59}},"type":"if","locations":[{"start":{"line":21,"column":4},"end":{"line":22,"column":59}},{"start":{},"end":{}}]},"8":{"loc":{"start":{"line":21,"column":8},"end":{"line":21,"column":49}},"type":"binary-expr","locations":[{"start":{"line":21,"column":8},"end":{"line":21,"column":20}},{"start":{"line":21,"column":24},"end":{"line":21,"column":49}}]},"9":{"loc":{"start":{"line":26,"column":19},"end":{"line":26,"column":41}},"type":"binary-expr","locations":[{"start":{"line":26,"column":19},"end":{"line":26,"column":35}},{"start":{"line":26,"column":39},"end":{"line":26,"column":41}}]}},"s":{"0":10,"1":2,"2":8,"3":2,"4":6,"5":1,"6":5,"7":1,"8":4,"9":1,"10":3,"11":2},"f":{"0":10},"b":{"0":[2,8],"1":[10,8],"2":[2,6],"3":[1,5],"4":[6,5],"5":[1,4],"6":[5,4],"7":[1,3],"8":[4,3],"9":[3,1]}}
,"C:\\Users\\sebas\\OneDrive\\Escritorio\\FullStack 3\\Innovatech-solutions\\ms-tasks\\src\\services\\task.service.ts": {"path":"C:\\Users\\sebas\\OneDrive\\Escritorio\\FullStack 3\\Innovatech-solutions\\ms-tasks\\src\\services\\task.service.ts","statementMap":{"0":{"start":{"line":1,"column":0},"end":{"line":1,"column":52}},"1":{"start":{"line":2,"column":0},"end":{"line":2,"column":56}},"2":{"start":{"line":3,"column":0},"end":{"line":3,"column":33}},"3":{"start":{"line":5,"column":0},"end":{"line":5,"column":16}},"4":{"start":{"line":7,"column":15},"end":{"line":7,"column":33}},"5":{"start":{"line":13,"column":21},"end":{"line":13,"column":45}},"6":{"start":{"line":14,"column":4},"end":{"line":16,"column":7}},"7":{"start":{"line":21,"column":4},"end":{"line":23,"column":7}},"8":{"start":{"line":28,"column":4},"end":{"line":38,"column":5}},"9":{"start":{"line":29,"column":6},"end":{"line":35,"column":9}},"10":{"start":{"line":37,"column":6},"end":{"line":37,"column":91}},"11":{"start":{"line":43,"column":4},"end":{"line":49,"column":5}},"12":{"start":{"line":44,"column":6},"end":{"line":46,"column":9}},"13":{"start":{"line":48,"column":6},"end":{"line":48,"column":94}},"14":{"start":{"line":54,"column":4},"end":{"line":54,"column":59}},"15":{"start":{"line":9,"column":0},"end":{"line":9,"column":13}}},"fnMap":{"0":{"name":"(anonymous_9)","decl":{"start":{"line":12,"column":2},"end":{"line":12,"column":7}},"loc":{"start":{"line":12,"column":28},"end":{"line":17,"column":3}}},"1":{"name":"(anonymous_10)","decl":{"start":{"line":20,"column":2},"end":{"line":20,"column":7}},"loc":{"start":{"line":20,"column":43},"end":{"line":24,"column":3}}},"2":{"name":"(anonymous_11)","decl":{"start":{"line":27,"column":2},"end":{"line":27,"column":7}},"loc":{"start":{"line":27,"column":50},"end":{"line":39,"column":3}}},"3":{"name":"(anonymous_12)","decl":{"start":{"line":42,"column":2},"end":{"line":42,"column":7}},"loc":{"start":{"line":42,"column":29},"end":{"line":50,"column":3}}},"4":{"name":"(anonymous_13)","decl":{"start":{"line":53,"column":2},"end":{"line":53,"column":7}},"loc":{"start":{"line":53,"column":30},"end":{"line":55,"column":3}}}},"branchMap":{},"s":{"0":1,"1":1,"2":1,"3":1,"4":1,"5":3,"6":1,"7":2,"8":2,"9":2,"10":1,"11":2,"12":2,"13":1,"14":2,"15":1},"f":{"0":3,"1":2,"2":2,"3":2,"4":2},"b":{}}
}
