TN:
SF:src\factories\task.factory.ts
FN:4,(anonymous_0)
FNF:1
FNH:1
FNDA:10,(anonymous_0)
DA:3,2
DA:13,10
DA:14,2
DA:15,8
DA:16,2
DA:17,6
DA:18,1
DA:19,5
DA:20,1
DA:21,4
DA:22,1
DA:24,3
LF:12
LH:12
BRDA:13,0,0,2
BRDA:13,0,1,8
BRDA:13,1,0,10
BRDA:13,1,1,8
BRDA:15,2,0,2
BRDA:15,2,1,6
BRDA:17,3,0,1
BRDA:17,3,1,5
BRDA:17,4,0,6
BRDA:17,4,1,5
BRDA:19,5,0,1
BRDA:19,5,1,4
BRDA:19,6,0,5
BRDA:19,6,1,4
BRDA:21,7,0,1
BRDA:21,7,1,3
BRDA:21,8,0,4
BRDA:21,8,1,3
BRDA:26,9,0,3
BRDA:26,9,1,1
BRF:20
BRH:20
end_of_record
TN:
SF:src\services\task.service.ts
FN:12,(anonymous_9)
FN:20,(anonymous_10)
FN:27,(anonymous_11)
FN:42,(anonymous_12)
FN:53,(anonymous_13)
FNF:5
FNH:5
FNDA:3,(anonymous_9)
FNDA:2,(anonymous_10)
FNDA:2,(anonymous_11)
FNDA:2,(anonymous_12)
FNDA:2,(anonymous_13)
DA:1,1
DA:2,1
DA:3,1
DA:5,1
DA:7,1
DA:9,1
DA:13,3
DA:14,1
DA:21,2
DA:28,2
DA:29,2
DA:37,1
DA:43,2
DA:44,2
DA:48,1
DA:54,2
LF:16
LH:16
BRF:0
BRH:0
end_of_record
