{"C:\\Users\\sebas\\OneDrive\\Escritorio\\FullStack 3\\Innovatech-solutions\\ms-teams\\src\\factories\\team.factory.ts": {"path":"C:\\Users\\sebas\\OneDrive\\Escritorio\\FullStack 3\\Innovatech-solutions\\ms-teams\\src\\factories\\team.factory.ts","statementMap":{"0":{"start":{"line":1,"column":0},"end":{"line":1,"column":50}},"1":{"start":{"line":6,"column":4},"end":{"line":6,"column":81}},"2":{"start":{"line":6,"column":37},"end":{"line":6,"column":81}},"3":{"start":{"line":7,"column":4},"end":{"line":7,"column":100}},"4":{"start":{"line":7,"column":51},"end":{"line":7,"column":100}},"5":{"start":{"line":8,"column":4},"end":{"line":8,"column":79}},"6":{"start":{"line":8,"column":37},"end":{"line":8,"column":79}},"7":{"start":{"line":9,"column":4},"end":{"line":9,"column":95}},"8":{"start":{"line":9,"column":45},"end":{"line":9,"column":95}},"9":{"start":{"line":12,"column":4},"end":{"line":18,"column":6}},"10":{"start":{"line":3,"column":0},"end":{"line":3,"column":13}}},"fnMap":{"0":{"name":"(anonymous_0)","decl":{"start":{"line":4,"column":2},"end":{"line":4,"column":8}},"loc":{"start":{"line":4,"column":81},"end":{"line":19,"column":3}}}},"branchMap":{"0":{"loc":{"start":{"line":6,"column":4},"end":{"line":6,"column":81}},"type":"if","locations":[{"start":{"line":6,"column":4},"end":{"line":6,"column":81}},{"start":{},"end":{}}]},"1":{"loc":{"start":{"line":6,"column":8},"end":{"line":6,"column":35}},"type":"binary-expr","locations":[{"start":{"line":6,"column":8},"end":{"line":6,"column":13}},{"start":{"line":6,"column":17},"end":{"line":6,"column":35}}]},"2":{"loc":{"start":{"line":7,"column":4},"end":{"line":7,"column":100}},"type":"if","locations":[{"start":{"line":7,"column":4},"end":{"line":7,"column":100}},{"start":{},"end":{}}]},"3":{"loc":{"start":{"line":7,"column":8},"end":{"line":7,"column":49}},"type":"binary-expr","locations":[{"start":{"line":7,"column":8},"end":{"line":7,"column":20}},{"start":{"line":7,"column":24},"end":{"line":7,"column":49}}]},"4":{"loc":{"start":{"line":8,"column":4},"end":{"line":8,"column":79}},"type":"if","locations":[{"start":{"line":8,"column":4},"end":{"line":8,"column":79}},{"start":{},"end":{}}]},"5":{"loc":{"start":{"line":8,"column":8},"end":{"line":8,"column":35}},"type":"binary-expr","locations":[{"start":{"line":8,"column":8},"end":{"line":8,"column":13}},{"start":{"line":8,"column":17},"end":{"line":8,"column":35}}]},"6":{"loc":{"start":{"line":9,"column":4},"end":{"line":9,"column":95}},"type":"if","locations":[{"start":{"line":9,"column":4},"end":{"line":9,"column":95}},{"start":{},"end":{}}]},"7":{"loc":{"start":{"line":9,"column":8},"end":{"line":9,"column":43}},"type":"binary-expr","locations":[{"start":{"line":9,"column":8},"end":{"line":9,"column":17}},{"start":{"line":9,"column":21},"end":{"line":9,"column":43}}]}},"s":{"0":2,"1":8,"2":3,"3":5,"4":1,"5":4,"6":1,"7":3,"8":1,"9":2,"10":2},"f":{"0":8},"b":{"0":[3,5],"1":[8,6],"2":[1,4],"3":[5,4],"4":[1,3],"5":[4,3],"6":[1,2],"7":[3,2]}}
,"C:\\Users\\sebas\\OneDrive\\Escritorio\\FullStack 3\\Innovatech-solutions\\ms-teams\\src\\services\\team.service.ts": {"path":"C:\\Users\\sebas\\OneDrive\\Escritorio\\FullStack 3\\Innovatech-solutions\\ms-teams\\src\\services\\team.service.ts","statementMap":{"0":{"start":{"line":1,"column":0},"end":{"line":1,"column":52}},"1":{"start":{"line":2,"column":0},"end":{"line":2,"column":56}},"2":{"start":{"line":4,"column":15},"end":{"line":4,"column":33}},"3":{"start":{"line":9,"column":21},"end":{"line":9,"column":94}},"4":{"start":{"line":10,"column":4},"end":{"line":12,"column":7}},"5":{"start":{"line":16,"column":4},"end":{"line":16,"column":40}},"6":{"start":{"line":20,"column":4},"end":{"line":20,"column":59}},"7":{"start":{"line":24,"column":17},"end":{"line":24,"column":64}},"8":{"start":{"line":25,"column":4},"end":{"line":25,"column":68}},"9":{"start":{"line":25,"column":15},"end":{"line":25,"column":68}},"10":{"start":{"line":27,"column":4},"end":{"line":30,"column":7}},"11":{"start":{"line":34,"column":17},"end":{"line":34,"column":64}},"12":{"start":{"line":35,"column":4},"end":{"line":35,"column":68}},"13":{"start":{"line":35,"column":15},"end":{"line":35,"column":68}},"14":{"start":{"line":37,"column":4},"end":{"line":40,"column":7}},"15":{"start":{"line":44,"column":4},"end":{"line":48,"column":5}},"16":{"start":{"line":45,"column":6},"end":{"line":45,"column":57}},"17":{"start":{"line":47,"column":6},"end":{"line":47,"column":90}},"18":{"start":{"line":6,"column":0},"end":{"line":6,"column":13}}},"fnMap":{"0":{"name":"(anonymous_0)","decl":{"start":{"line":8,"column":2},"end":{"line":8,"column":7}},"loc":{"start":{"line":8,"column":94},"end":{"line":13,"column":3}}},"1":{"name":"(anonymous_1)","decl":{"start":{"line":15,"column":2},"end":{"line":15,"column":7}},"loc":{"start":{"line":15,"column":14},"end":{"line":17,"column":3}}},"2":{"name":"(anonymous_2)","decl":{"start":{"line":19,"column":2},"end":{"line":19,"column":7}},"loc":{"start":{"line":19,"column":30},"end":{"line":21,"column":3}}},"3":{"name":"(anonymous_3)","decl":{"start":{"line":23,"column":2},"end":{"line":23,"column":7}},"loc":{"start":{"line":23,"column":50},"end":{"line":31,"column":3}}},"4":{"name":"(anonymous_4)","decl":{"start":{"line":33,"column":2},"end":{"line":33,"column":7}},"loc":{"start":{"line":33,"column":91},"end":{"line":41,"column":3}}},"5":{"name":"(anonymous_5)","decl":{"start":{"line":43,"column":2},"end":{"line":43,"column":7}},"loc":{"start":{"line":43,"column":29},"end":{"line":49,"column":3}}}},"branchMap":{"0":{"loc":{"start":{"line":25,"column":4},"end":{"line":25,"column":68}},"type":"if","locations":[{"start":{"line":25,"column":4},"end":{"line":25,"column":68}},{"start":{},"end":{}}]},"1":{"loc":{"start":{"line":35,"column":4},"end":{"line":35,"column":68}},"type":"if","locations":[{"start":{"line":35,"column":4},"end":{"line":35,"column":68}},{"start":{},"end":{}}]}},"s":{"0":1,"1":1,"2":1,"3":2,"4":1,"5":2,"6":2,"7":2,"8":2,"9":1,"10":1,"11":2,"12":2,"13":1,"14":1,"15":2,"16":2,"17":1,"18":1},"f":{"0":2,"1":2,"2":2,"3":2,"4":2,"5":2},"b":{"0":[1,1],"1":[1,1]}}
}
