TN:
SF:src\factories\team.factory.ts
FN:4,(anonymous_0)
FNF:1
FNH:1
FNDA:8,(anonymous_0)
DA:1,2
DA:3,2
DA:6,8
DA:7,5
DA:8,4
DA:9,3
DA:12,2
LF:7
LH:7
BRDA:6,0,0,3
BRDA:6,0,1,5
BRDA:6,1,0,8
BRDA:6,1,1,6
BRDA:7,2,0,1
BRDA:7,2,1,4
BRDA:7,3,0,5
BRDA:7,3,1,4
BRDA:8,4,0,1
BRDA:8,4,1,3
BRDA:8,5,0,4
BRDA:8,5,1,3
BRDA:9,6,0,1
BRDA:9,6,1,2
BRDA:9,7,0,3
BRDA:9,7,1,2
BRF:16
BRH:16
end_of_record
TN:
SF:src\services\team.service.ts
FN:8,(anonymous_0)
FN:15,(anonymous_1)
FN:19,(anonymous_2)
FN:23,(anonymous_3)
FN:33,(anonymous_4)
FN:43,(anonymous_5)
FNF:6
FNH:6
FNDA:2,(anonymous_0)
FNDA:2,(anonymous_1)
FNDA:2,(anonymous_2)
FNDA:2,(anonymous_3)
FNDA:2,(anonymous_4)
FNDA:2,(anonymous_5)
DA:1,1
DA:2,1
DA:4,1
DA:6,1
DA:9,2
DA:10,1
DA:16,2
DA:20,2
DA:24,2
DA:25,2
DA:27,1
DA:34,2
DA:35,2
DA:37,1
DA:44,2
DA:45,2
DA:47,1
LF:17
LH:17
BRDA:25,0,0,1
BRDA:25,0,1,1
BRDA:35,1,0,1
BRDA:35,1,1,1
BRF:4
BRH:4
end_of_record
